Command line:
   RS232top_TB_isim_beh.exe
     -simmode  gui
     -simrunnum  0
     -socket  52076

Tue Jan 19 19:43:32 2016


 Elaboration Time: 0.0625 sec

 Current Memory Usage: 841.486 Meg

 Total Signals          : 612
 Total Nets             : 3532
 Total Signal Drivers   : 221
 Total Blocks           : 38
 Total Primitive Blocks : 22
 Total Processes        : 67
 Total Traceable Variables  : 362
 Total Scalar Nets and Variables : 4609
Total Line Count : 560
Total Line Count : 560

 Total Simulation Time: 0.375 sec

 Current Memory Usage: 841.486 Meg

Tue Jan 19 19:43:48 2016

