ISim log file
Running: C:\Users\rboq\Documents\LCSE\PRACTICAIII\LCSE-PIII\testbench_isim_beh.exe -intstyle ise -gui -tclbatch isim.cmd -wdb C:/Users/rboq/Documents/LCSE/PRACTICAIII/LCSE-PIII/testbench_isim_beh.wdb 
ISim P.20131013 (signature 0x7708f090)
WARNING: A WEBPACK license was found.
WARNING: Please use Xilinx License Configuration Manager to check out a full ISim license.
WARNING: ISim will run in Lite mode. Please refer to the ISim documentation for more information on the differences between the Lite and the Full version.
This is a Lite version of ISim.
Time resolution is 1 ps
# onerror resume
# wave add /
# run 1000 ns
Simulator is doing circuit initialization process.
Finished circuit initialization process.
at 420 ns(1), Instance /testbench/alu_comp/ : Warning: NUMERIC_STD."=": metavalue detected, returning FALSE
# restart
# run 1.5 us
Simulator is doing circuit initialization process.
Finished circuit initialization process.
at 420 ns(1), Instance /testbench/alu_comp/ : Warning: NUMERIC_STD."=": metavalue detected, returning FALSE
# restart
# run 2 us
Simulator is doing circuit initialization process.
Finished circuit initialization process.
at 420 ns(1), Instance /testbench/alu_comp/ : Warning: NUMERIC_STD."=": metavalue detected, returning FALSE
# restart
# run all
Simulator is doing circuit initialization process.
Finished circuit initialization process.
at 420 ns(1), Instance /testbench/alu_comp/ : Warning: NUMERIC_STD."=": metavalue detected, returning FALSE
Stopped at time : 25746840 ns : File "C:/Users/rboq/Documents/LCSE/PRACTICAIII/LCSE-PIII/ALU.vhd" Line 172
# restart
# run 3 us
Simulator is doing circuit initialization process.
Finished circuit initialization process.
at 420 ns(1), Instance /testbench/alu_comp/ : Warning: NUMERIC_STD."=": metavalue detected, returning FALSE
# restart
# run 2 us
Simulator is doing circuit initialization process.
Finished circuit initialization process.
at 420 ns(1), Instance /testbench/alu_comp/ : Warning: NUMERIC_STD."=": metavalue detected, returning FALSE
# restart
# run 2 us
Simulator is doing circuit initialization process.
Finished circuit initialization process.
at 420 ns(1), Instance /testbench/alu_comp/ : Warning: NUMERIC_STD."=": metavalue detected, returning FALSE
