Release 14.7 Map P.20131013 (nt64)
Xilinx Mapping Report File for Design 'MAIN_CONTROL'

Design Information
------------------
Command Line   : map -intstyle ise -p xc6slx16-csg324-3 -w -logic_opt off -ol
high -t 1 -xt 0 -register_duplication off -r 4 -global_opt off -mt off -ir off
-pr off -lc off -power off -o MAIN_CONTROL_map.ncd MAIN_CONTROL.ngd
MAIN_CONTROL.pcf 
Target Device  : xc6slx16
Target Package : csg324
Target Speed   : -3
Mapper Version : spartan6 -- $Revision: 1.55 $
Mapped Date    : Wed Jan 20 00:43:00 2016

Design Summary
--------------
Number of errors:      0
Number of warnings:    5
Slice Logic Utilization:
  Number of Slice Registers:                    43 out of  18,224    1%
    Number used as Flip Flops:                  27
    Number used as Latches:                     16
    Number used as Latch-thrus:                  0
    Number used as AND/OR logics:                0
  Number of Slice LUTs:                         78 out of   9,112    1%
    Number used as logic:                       77 out of   9,112    1%
      Number using O6 output only:              44
      Number using O5 output only:              10
      Number using O5 and O6:                   23
      Number used as ROM:                        0
    Number used as Memory:                       0 out of   2,176    0%
    Number used exclusively as route-thrus:      1
      Number with same-slice register load:      0
      Number with same-slice carry load:         1
      Number with other load:                    0

Slice Logic Distribution:
  Number of occupied Slices:                    24 out of   2,278    1%
  Number of MUXCYs used:                        20 out of   4,556    1%
  Number of LUT Flip Flop pairs used:           80
    Number with an unused Flip Flop:            49 out of      80   61%
    Number with an unused LUT:                   2 out of      80    2%
    Number of fully used LUT-FF pairs:          29 out of      80   36%
    Number of unique control sets:               5
    Number of slice register sites lost
      to control set restrictions:              13 out of  18,224    1%

  A LUT Flip Flop pair for this architecture represents one LUT paired with
  one Flip Flop within a slice.  A control set is a unique combination of
  clock, reset, set, and enable signals for a registered element.
  The Slice Logic Distribution report is not meaningful if the design is
  over-mapped for a non-slice resource or if Placement fails.

IO Utilization:
  Number of bonded IOBs:                        61 out of     232   26%
    IOB Latches:                                13

Specific Feature Utilization:
  Number of RAMB16BWERs:                         0 out of      32    0%
  Number of RAMB8BWERs:                          0 out of      64    0%
  Number of BUFIO2/BUFIO2_2CLKs:                 0 out of      32    0%
  Number of BUFIO2FB/BUFIO2FB_2CLKs:             0 out of      32    0%
  Number of BUFG/BUFGMUXs:                       1 out of      16    6%
    Number used as BUFGs:                        1
    Number used as BUFGMUX:                      0
  Number of DCM/DCM_CLKGENs:                     0 out of       4    0%
  Number of ILOGIC2/ISERDES2s:                  12 out of     248    4%
    Number used as ILOGIC2s:                    12
    Number used as ISERDES2s:                    0
  Number of IODELAY2/IODRP2/IODRP2_MCBs:         0 out of     248    0%
  Number of OLOGIC2/OSERDES2s:                   1 out of     248    1%
    Number used as OLOGIC2s:                     1
    Number used as OSERDES2s:                    0
  Number of BSCANs:                              0 out of       4    0%
  Number of BUFHs:                               0 out of     128    0%
  Number of BUFPLLs:                             0 out of       8    0%
  Number of BUFPLL_MCBs:                         0 out of       4    0%
  Number of DSP48A1s:                            0 out of      32    0%
  Number of ICAPs:                               0 out of       1    0%
  Number of MCBs:                                0 out of       2    0%
  Number of PCILOGICSEs:                         0 out of       2    0%
  Number of PLL_ADVs:                            0 out of       2    0%
  Number of PMVs:                                0 out of       1    0%
  Number of STARTUPs:                            0 out of       1    0%
  Number of SUSPEND_SYNCs:                       0 out of       1    0%

Average Fanout of Non-Clock Nets:                2.79

Peak Memory Usage:  374 MB
Total REAL time to MAP completion:  14 secs 
Total CPU time to MAP completion:   13 secs 

Table of Contents
-----------------
Section 1 - Errors
Section 2 - Warnings
Section 3 - Informational
Section 4 - Removed Logic Summary
Section 5 - Removed Logic
Section 6 - IOB Properties
Section 7 - RPMs
Section 8 - Guide Report
Section 9 - Area Group and Partition Summary
Section 10 - Timing Report
Section 11 - Configuration String Information
Section 12 - Control Set Information
Section 13 - Utilization by Hierarchy

Section 1 - Errors
------------------

Section 2 - Warnings
--------------------
WARNING:MapLib:701 - Signal RAM_CS connected to top level port RAM_CS has been
   removed.
WARNING:MapLib:701 - Signal RAM_OE connected to top level port RAM_OE has been
   removed.
WARNING:Pack:2548 - The register "Reg_instruct_5_1" has the property IOB=TRUE,
   but was not packed into the ILOGIC component. 
WARNING:PhysDesignRules:372 - Gated clock. Clock net
   CurrentState[2]_PWR_111_o_Mux_259_o is sourced by a combinatorial pin. This
   is not good design practice. Use the CE pin to control the loading of data
   into the flip-flop.
WARNING:PhysDesignRules:372 - Gated clock. Clock net
   CurrentState[2]_PWR_103_o_Mux_243_o is sourced by a combinatorial pin. This
   is not good design practice. Use the CE pin to control the loading of data
   into the flip-flop.

Section 3 - Informational
-------------------------
INFO:LIT:243 - Logical network FlagC has no load.
INFO:LIT:395 - The above info message is repeated 2 more times for the following
   (max. 5 shown):
   FlagN,
   FlagE
   To see the details of these info messages, please use the -detail switch.
INFO:MapLib:562 - No environment variables are currently set.
INFO:LIT:244 - All of the single ended outputs in this design are using slew
   rate limited output drivers. The delay on speed critical single ended outputs
   can be dramatically reduced by designating them as fast outputs.
INFO:Pack:1716 - Initializing temperature to 85.000 Celsius. (default - Range:
   0.000 to 85.000 Celsius)
INFO:Pack:1720 - Initializing voltage to 1.140 Volts. (default - Range: 1.140 to
   1.260 Volts)
INFO:Map:215 - The Interim Design Summary has been generated in the MAP Report
   (.mrp).
INFO:Pack:1650 - Map created a placed design.

Section 4 - Removed Logic Summary
---------------------------------
   4 block(s) removed
   2 block(s) optimized away
   2 signal(s) removed

Section 5 - Removed Logic
-------------------------

The trimmed logic reported below is either:
   1. part of a cycle
   2. part of disabled logic
   3. a side-effect of other trimmed logic

The signal "RAM_CS" is unused and has been removed.
 Unused block "RAM_CS_OBUFT" (TRI) removed.
The signal "RAM_OE" is unused and has been removed.
 Unused block "RAM_OE_OBUFT" (TRI) removed.
Unused block "RAM_CS" (PAD) removed.
Unused block "RAM_OE" (PAD) removed.

Optimized Block(s):
TYPE 		BLOCK
GND 		XST_GND
VCC 		XST_VCC

To enable printing of redundant blocks removed and signals merged, set the
detailed map report option and rerun map.

Section 6 - IOB Properties
--------------------------

+---------------------------------------------------------------------------------------------------------------------------------------------------------+
| IOB Name                           | Type             | Direction | IO Standard          | Diff  | Drive    | Slew | Reg (s)      | Resistor | IOB      |
|                                    |                  |           |                      | Term  | Strength | Rate |              |          | Delay    |
+---------------------------------------------------------------------------------------------------------------------------------------------------------+
| ALU_op<0>                          | IOB              | OUTPUT    | LVCMOS25             |       | 12       | SLOW |              |          |          |
| ALU_op<1>                          | IOB              | OUTPUT    | LVCMOS25             |       | 12       | SLOW |              |          |          |
| ALU_op<2>                          | IOB              | OUTPUT    | LVCMOS25             |       | 12       | SLOW |              |          |          |
| ALU_op<3>                          | IOB              | OUTPUT    | LVCMOS25             |       | 12       | SLOW |              |          |          |
| ALU_op<4>                          | IOB              | OUTPUT    | LVCMOS25             |       | 12       | SLOW |              |          |          |
| Clk                                | IOB              | INPUT     | LVCMOS25             |       |          |      |              |          |          |
| DMA_ACK                            | IOB              | OUTPUT    | LVCMOS25             |       | 12       | SLOW |              |          |          |
| DMA_READY                          | IOB              | INPUT     | LVCMOS25             |       |          |      |              |          |          |
| DMA_RQ                             | IOB              | INPUT     | LVCMOS25             |       |          |      |              |          |          |
| Databus<0>                         | IOB              | OUTPUT    | LVCMOS25             |       | 12       | SLOW |              |          |          |
| Databus<1>                         | IOB              | OUTPUT    | LVCMOS25             |       | 12       | SLOW |              |          |          |
| Databus<2>                         | IOB              | OUTPUT    | LVCMOS25             |       | 12       | SLOW |              |          |          |
| Databus<3>                         | IOB              | OUTPUT    | LVCMOS25             |       | 12       | SLOW |              |          |          |
| Databus<4>                         | IOB              | OUTPUT    | LVCMOS25             |       | 12       | SLOW |              |          |          |
| Databus<5>                         | IOB              | OUTPUT    | LVCMOS25             |       | 12       | SLOW |              |          |          |
| Databus<6>                         | IOB              | OUTPUT    | LVCMOS25             |       | 12       | SLOW |              |          |          |
| Databus<7>                         | IOB              | OUTPUT    | LVCMOS25             |       | 12       | SLOW |              |          |          |
| FlagZ                              | IOB              | INPUT     | LVCMOS25             |       |          |      |              |          |          |
| Index_Reg<0>                       | IOB              | INPUT     | LVCMOS25             |       |          |      |              |          |          |
| Index_Reg<1>                       | IOB              | INPUT     | LVCMOS25             |       |          |      |              |          |          |
| Index_Reg<2>                       | IOB              | INPUT     | LVCMOS25             |       |          |      |              |          |          |
| Index_Reg<3>                       | IOB              | INPUT     | LVCMOS25             |       |          |      |              |          |          |
| Index_Reg<4>                       | IOB              | INPUT     | LVCMOS25             |       |          |      |              |          |          |
| Index_Reg<5>                       | IOB              | INPUT     | LVCMOS25             |       |          |      |              |          |          |
| Index_Reg<6>                       | IOB              | INPUT     | LVCMOS25             |       |          |      |              |          |          |
| Index_Reg<7>                       | IOB              | INPUT     | LVCMOS25             |       |          |      |              |          |          |
| RAM_Addr<0>                        | IOB              | OUTPUT    | LVCMOS25             |       | 12       | SLOW |              |          |          |
| RAM_Addr<1>                        | IOB              | OUTPUT    | LVCMOS25             |       | 12       | SLOW |              |          |          |
| RAM_Addr<2>                        | IOB              | OUTPUT    | LVCMOS25             |       | 12       | SLOW |              |          |          |
| RAM_Addr<3>                        | IOB              | OUTPUT    | LVCMOS25             |       | 12       | SLOW |              |          |          |
| RAM_Addr<4>                        | IOB              | OUTPUT    | LVCMOS25             |       | 12       | SLOW |              |          |          |
| RAM_Addr<5>                        | IOB              | OUTPUT    | LVCMOS25             |       | 12       | SLOW |              |          |          |
| RAM_Addr<6>                        | IOB              | OUTPUT    | LVCMOS25             |       | 12       | SLOW |              |          |          |
| RAM_Addr<7>                        | IOB              | OUTPUT    | LVCMOS25             |       | 12       | SLOW |              |          |          |
| RAM_Write                          | IOB              | OUTPUT    | LVCMOS25             |       | 12       | SLOW | OLATCH       |          |          |
| ROM_Addr<0>                        | IOB              | OUTPUT    | LVCMOS25             |       | 12       | SLOW |              |          |          |
| ROM_Addr<1>                        | IOB              | OUTPUT    | LVCMOS25             |       | 12       | SLOW |              |          |          |
| ROM_Addr<2>                        | IOB              | OUTPUT    | LVCMOS25             |       | 12       | SLOW |              |          |          |
| ROM_Addr<3>                        | IOB              | OUTPUT    | LVCMOS25             |       | 12       | SLOW |              |          |          |
| ROM_Addr<4>                        | IOB              | OUTPUT    | LVCMOS25             |       | 12       | SLOW |              |          |          |
| ROM_Addr<5>                        | IOB              | OUTPUT    | LVCMOS25             |       | 12       | SLOW |              |          |          |
| ROM_Addr<6>                        | IOB              | OUTPUT    | LVCMOS25             |       | 12       | SLOW |              |          |          |
| ROM_Addr<7>                        | IOB              | OUTPUT    | LVCMOS25             |       | 12       | SLOW |              |          |          |
| ROM_Addr<8>                        | IOB              | OUTPUT    | LVCMOS25             |       | 12       | SLOW |              |          |          |
| ROM_Addr<9>                        | IOB              | OUTPUT    | LVCMOS25             |       | 12       | SLOW |              |          |          |
| ROM_Addr<10>                       | IOB              | OUTPUT    | LVCMOS25             |       | 12       | SLOW |              |          |          |
| ROM_Addr<11>                       | IOB              | OUTPUT    | LVCMOS25             |       | 12       | SLOW |              |          |          |
| ROM_Data<0>                        | IOB              | INPUT     | LVCMOS25             |       |          |      | ILATCH       |          |          |
| ROM_Data<1>                        | IOB              | INPUT     | LVCMOS25             |       |          |      | ILATCH       |          |          |
| ROM_Data<2>                        | IOB              | INPUT     | LVCMOS25             |       |          |      | ILATCH       |          |          |
| ROM_Data<3>                        | IOB              | INPUT     | LVCMOS25             |       |          |      | ILATCH       |          |          |
| ROM_Data<4>                        | IOB              | INPUT     | LVCMOS25             |       |          |      | ILATCH       |          |          |
| ROM_Data<5>                        | IOB              | INPUT     | LVCMOS25             |       |          |      | ILATCH       |          |          |
| ROM_Data<6>                        | IOB              | INPUT     | LVCMOS25             |       |          |      | ILATCH       |          |          |
| ROM_Data<7>                        | IOB              | INPUT     | LVCMOS25             |       |          |      | ILATCH       |          |          |
| ROM_Data<8>                        | IOB              | INPUT     | LVCMOS25             |       |          |      | ILATCH       |          |          |
| ROM_Data<9>                        | IOB              | INPUT     | LVCMOS25             |       |          |      | ILATCH       |          |          |
| ROM_Data<10>                       | IOB              | INPUT     | LVCMOS25             |       |          |      | ILATCH       |          |          |
| ROM_Data<11>                       | IOB              | INPUT     | LVCMOS25             |       |          |      | ILATCH       |          |          |
| Reset                              | IOB              | INPUT     | LVCMOS25             |       |          |      |              |          |          |
| SEND_comm                          | IOB              | OUTPUT    | LVCMOS25             |       | 12       | SLOW |              |          |          |
+---------------------------------------------------------------------------------------------------------------------------------------------------------+

Section 7 - RPMs
----------------

Section 8 - Guide Report
------------------------
Guide not run on this design.

Section 9 - Area Group and Partition Summary
--------------------------------------------

Partition Implementation Status
-------------------------------

  No Partitions were found in this design.

-------------------------------

Area Group Information
----------------------

  No area groups were found in this design.

----------------------

Section 10 - Timing Report
--------------------------
A logic-level (pre-route) timing report can be generated by using Xilinx static
timing analysis tools, Timing Analyzer (GUI) or TRCE (command line), with the
mapped NCD and PCF files. Please note that this timing report will be generated
using estimated delay information. For accurate numbers, please generate a
timing report with the post Place and Route NCD file.

For more information about the Timing Analyzer, consult the Xilinx Timing
Analyzer Reference Manual; for more information about TRCE, consult the Xilinx
Command Line Tools User Guide "TRACE" chapter.

Section 11 - Configuration String Details
-----------------------------------------
Use the "-detail" map option to print out Configuration Strings

Section 12 - Control Set Information
------------------------------------
Use the "-detail" map option to print out Control Set Information.

Section 13 - Utilization by Hierarchy
-------------------------------------
Use the "-detail" map option to print out the Utilization by Hierarchy section.
