--------------------------------------------------------------------------------
Release 14.7 Trace  (nt64)
Copyright (c) 1995-2013 Xilinx, Inc.  All rights reserved.

C:\Xilinx\14.7\ISE_DS\ISE\bin\nt64\unwrapped\trce.exe -intstyle ise -v 3 -s 3
-n 3 -fastpaths -xml ram_gp.twx ram_gp.ncd -o ram_gp.twr ram_gp.pcf

Design file:              ram_gp.ncd
Physical constraint file: ram_gp.pcf
Device,package,speed:     xc6slx16,csg324,C,-3 (PRODUCTION 1.23 2013-10-13)
Report level:             verbose report

Environment Variable      Effect 
--------------------      ------ 
NONE                      No environment variables were set
--------------------------------------------------------------------------------

INFO:Timing:2698 - No timing constraints found, doing default enumeration.
INFO:Timing:3412 - To improve timing, see the Timing Closure User Guide (UG612).
INFO:Timing:2752 - To get complete path coverage, use the unconstrained paths 
   option. All paths that are not constrained will be reported in the 
   unconstrained paths section(s) of the report.
INFO:Timing:3339 - The clock-to-out numbers in this timing report are based on 
   a 50 Ohm transmission line loading model.  For the details of this model, 
   and for more information on accounting for different loading conditions, 
   please see the device datasheet.



Data Sheet report:
-----------------
All values displayed in nanoseconds (ns)

Setup/Hold to clock Clk
------------+------------+------------+------------+------------+------------------+--------+
            |Max Setup to|  Process   |Max Hold to |  Process   |                  | Clock  |
Source      | clk (edge) |   Corner   | clk (edge) |   Corner   |Internal Clock(s) | Phase  |
------------+------------+------------+------------+------------+------------------+--------+
address<0>  |    1.153(R)|      FAST  |    0.181(R)|      SLOW  |Clk_BUFGP         |   0.000|
address<1>  |    0.895(R)|      FAST  |    0.407(R)|      SLOW  |Clk_BUFGP         |   0.000|
address<2>  |    0.933(R)|      FAST  |    0.587(R)|      SLOW  |Clk_BUFGP         |   0.000|
address<3>  |    0.816(R)|      FAST  |    0.464(R)|      SLOW  |Clk_BUFGP         |   0.000|
address<4>  |    1.203(R)|      FAST  |    0.581(R)|      SLOW  |Clk_BUFGP         |   0.000|
address<5>  |    1.300(R)|      SLOW  |    0.455(R)|      SLOW  |Clk_BUFGP         |   0.000|
address<6>  |    1.568(R)|      SLOW  |    0.518(R)|      SLOW  |Clk_BUFGP         |   0.000|
address<7>  |    1.186(R)|      SLOW  |    0.515(R)|      SLOW  |Clk_BUFGP         |   0.000|
databus<0>  |    1.115(R)|      FAST  |    0.043(R)|      SLOW  |Clk_BUFGP         |   0.000|
databus<1>  |    1.039(R)|      FAST  |    0.145(R)|      SLOW  |Clk_BUFGP         |   0.000|
databus<2>  |    0.962(R)|      FAST  |    0.263(R)|      SLOW  |Clk_BUFGP         |   0.000|
databus<3>  |    1.137(R)|      FAST  |    0.006(R)|      SLOW  |Clk_BUFGP         |   0.000|
databus<4>  |    0.889(R)|      FAST  |    0.394(R)|      SLOW  |Clk_BUFGP         |   0.000|
databus<5>  |    1.474(R)|      FAST  |   -0.339(R)|      SLOW  |Clk_BUFGP         |   0.000|
databus<6>  |    0.830(R)|      FAST  |    0.453(R)|      SLOW  |Clk_BUFGP         |   0.000|
databus<7>  |    1.005(R)|      FAST  |    0.201(R)|      SLOW  |Clk_BUFGP         |   0.000|
write_en    |    0.946(R)|      FAST  |    0.421(R)|      SLOW  |Clk_BUFGP         |   0.000|
------------+------------+------------+------------+------------+------------------+--------+

Clock Clk to Pad
------------+-----------------+------------+-----------------+------------+------------------+--------+
            |Max (slowest) clk|  Process   |Min (fastest) clk|  Process   |                  | Clock  |
Destination |  (edge) to PAD  |   Corner   |  (edge) to PAD  |   Corner   |Internal Clock(s) | Phase  |
------------+-----------------+------------+-----------------+------------+------------------+--------+
databus<0>  |         7.438(R)|      SLOW  |         3.765(R)|      FAST  |Clk_BUFGP         |   0.000|
databus<1>  |         7.444(R)|      SLOW  |         3.779(R)|      FAST  |Clk_BUFGP         |   0.000|
databus<2>  |         7.661(R)|      SLOW  |         3.958(R)|      FAST  |Clk_BUFGP         |   0.000|
databus<3>  |         8.148(R)|      SLOW  |         4.252(R)|      FAST  |Clk_BUFGP         |   0.000|
databus<4>  |         7.204(R)|      SLOW  |         3.626(R)|      FAST  |Clk_BUFGP         |   0.000|
databus<5>  |         7.520(R)|      SLOW  |         3.814(R)|      FAST  |Clk_BUFGP         |   0.000|
databus<6>  |         7.252(R)|      SLOW  |         3.674(R)|      FAST  |Clk_BUFGP         |   0.000|
databus<7>  |         7.939(R)|      SLOW  |         4.119(R)|      FAST  |Clk_BUFGP         |   0.000|
------------+-----------------+------------+-----------------+------------+------------------+--------+

Pad to Pad
---------------+---------------+---------+
Source Pad     |Destination Pad|  Delay  |
---------------+---------------+---------+
address<0>     |databus<0>     |    7.755|
address<0>     |databus<1>     |    7.550|
address<0>     |databus<2>     |    7.784|
address<0>     |databus<3>     |    8.091|
address<0>     |databus<4>     |    7.350|
address<0>     |databus<5>     |    7.662|
address<0>     |databus<6>     |    7.649|
address<0>     |databus<7>     |    7.676|
address<1>     |databus<0>     |    7.343|
address<1>     |databus<1>     |    7.031|
address<1>     |databus<2>     |    7.416|
address<1>     |databus<3>     |    7.999|
address<1>     |databus<4>     |    7.019|
address<1>     |databus<5>     |    7.408|
address<1>     |databus<6>     |    7.283|
address<1>     |databus<7>     |    7.667|
address<2>     |databus<0>     |    7.362|
address<2>     |databus<1>     |    6.732|
address<2>     |databus<2>     |    7.319|
address<2>     |databus<3>     |    7.669|
address<2>     |databus<4>     |    6.984|
address<2>     |databus<5>     |    7.406|
address<2>     |databus<6>     |    6.960|
address<2>     |databus<7>     |    7.525|
address<3>     |databus<0>     |    7.080|
address<3>     |databus<1>     |    6.841|
address<3>     |databus<2>     |    7.181|
address<3>     |databus<3>     |    7.717|
address<3>     |databus<4>     |    6.991|
address<3>     |databus<5>     |    7.359|
address<3>     |databus<6>     |    6.716|
address<3>     |databus<7>     |    7.558|
address<4>     |databus<0>     |    7.752|
address<4>     |databus<1>     |    7.132|
address<4>     |databus<2>     |    7.601|
address<4>     |databus<3>     |    7.504|
address<4>     |databus<4>     |    7.140|
address<4>     |databus<5>     |    7.811|
address<4>     |databus<6>     |    7.363|
address<4>     |databus<7>     |    7.432|
address<5>     |databus<0>     |    7.715|
address<5>     |databus<1>     |    6.962|
address<5>     |databus<2>     |    7.355|
address<5>     |databus<3>     |    7.368|
address<5>     |databus<4>     |    7.110|
address<5>     |databus<5>     |    7.815|
address<5>     |databus<6>     |    7.204|
address<5>     |databus<7>     |    7.176|
address<6>     |databus<0>     |    7.707|
address<6>     |databus<1>     |    7.054|
address<6>     |databus<2>     |    7.662|
address<6>     |databus<3>     |    7.243|
address<6>     |databus<4>     |    7.101|
address<6>     |databus<5>     |    7.797|
address<6>     |databus<6>     |    7.361|
address<6>     |databus<7>     |    6.868|
address<7>     |databus<0>     |    7.368|
address<7>     |databus<1>     |    6.623|
address<7>     |databus<2>     |    7.046|
address<7>     |databus<3>     |    7.235|
address<7>     |databus<4>     |    6.670|
address<7>     |databus<5>     |    7.413|
address<7>     |databus<6>     |    6.991|
address<7>     |databus<7>     |    6.864|
oe             |databus<0>     |    5.547|
oe             |databus<1>     |    5.547|
oe             |databus<2>     |    5.808|
oe             |databus<3>     |    5.808|
oe             |databus<4>     |    5.509|
oe             |databus<5>     |    5.509|
oe             |databus<6>     |    5.348|
oe             |databus<7>     |    5.348|
---------------+---------------+---------+


Analysis completed Tue Jan 19 00:51:31 2016 
--------------------------------------------------------------------------------

Trace Settings:
-------------------------
Trace Settings 

Peak Memory Usage: 220 MB



