Release 14.7 - xst P.20131013 (nt64)
Copyright (c) 1995-2013 Xilinx, Inc.  All rights reserved.
--> Parameter TMPDIR set to xst/projnav.tmp


Total REAL time to Xst completion: 0.00 secs
Total CPU time to Xst completion: 0.15 secs
 
--> Parameter xsthdpdir set to xst


Total REAL time to Xst completion: 0.00 secs
Total CPU time to Xst completion: 0.15 secs
 
--> Reading design: ram_peripheals.prj

TABLE OF CONTENTS
  1) Synthesis Options Summary
  2) HDL Parsing
  3) HDL Elaboration
  4) HDL Synthesis
       4.1) HDL Synthesis Report
  5) Advanced HDL Synthesis
       5.1) Advanced HDL Synthesis Report
  6) Low Level Synthesis
  7) Partition Report
  8) Design Summary
       8.1) Primitive and Black Box Usage
       8.2) Device utilization summary
       8.3) Partition Resource Summary
       8.4) Timing Report
            8.4.1) Clock Information
            8.4.2) Asynchronous Control Signals Information
            8.4.3) Timing Summary
            8.4.4) Timing Details
            8.4.5) Cross Clock Domains Report


=========================================================================
*                      Synthesis Options Summary                        *
=========================================================================
---- Source Parameters
Input File Name                    : "ram_peripheals.prj"
Ignore Synthesis Constraint File   : NO

---- Target Parameters
Output File Name                   : "ram_peripheals"
Output Format                      : NGC
Target Device                      : xc6slx16-3-csg324

---- Source Options
Top Module Name                    : ram_peripheals
Automatic FSM Extraction           : YES
FSM Encoding Algorithm             : Auto
Safe Implementation                : No
FSM Style                          : LUT
RAM Extraction                     : Yes
RAM Style                          : Auto
ROM Extraction                     : Yes
Shift Register Extraction          : YES
ROM Style                          : Auto
Resource Sharing                   : YES
Asynchronous To Synchronous        : NO
Shift Register Minimum Size        : 2
Use DSP Block                      : Auto
Automatic Register Balancing       : No

---- Target Options
LUT Combining                      : Auto
Reduce Control Sets                : Auto
Add IO Buffers                     : YES
Global Maximum Fanout              : 100000
Add Generic Clock Buffer(BUFG)     : 16
Register Duplication               : YES
Optimize Instantiated Primitives   : NO
Use Clock Enable                   : Auto
Use Synchronous Set                : Auto
Use Synchronous Reset              : Auto
Pack IO Registers into IOBs        : Auto
Equivalent register Removal        : YES

---- General Options
Optimization Goal                  : Speed
Optimization Effort                : 1
Power Reduction                    : NO
Keep Hierarchy                     : No
Netlist Hierarchy                  : As_Optimized
RTL Output                         : Yes
Global Optimization                : AllClockNets
Read Cores                         : YES
Write Timing Constraints           : NO
Cross Clock Analysis               : NO
Hierarchy Separator                : /
Bus Delimiter                      : <>
Case Specifier                     : Maintain
Slice Utilization Ratio            : 100
BRAM Utilization Ratio             : 100
DSP48 Utilization Ratio            : 100
Auto BRAM Packing                  : NO
Slice Utilization Ratio Delta      : 5

=========================================================================


=========================================================================
*                          HDL Parsing                                  *
=========================================================================
Parsing VHDL file "C:\Users\rboq\Documents\LCSE\PRACTICAIII\LCSE-PIII\PIC_pkg.vhd" into library work
Parsing package <PIC_pkg>.
Parsing package body <PIC_pkg>.
Parsing VHDL file "C:\Users\rboq\Documents\LCSE\PRACTICAIII\LCSE-PIII\ram_peripheals.vhd" into library work
Parsing entity <ram_peripheals>.
Parsing architecture <Behavioral> of entity <ram_peripheals>.

=========================================================================
*                            HDL Elaboration                            *
=========================================================================

Elaborating entity <ram_peripheals> (architecture <Behavioral>) from library <work>.

=========================================================================
*                           HDL Synthesis                               *
=========================================================================

Synthesizing Unit <ram_peripheals>.
    Related source file is "C:\Users\rboq\Documents\LCSE\PRACTICAIII\LCSE-PIII\ram_peripheals.vhd".
    Found 1-bit register for signal <write_en_Clk_DFF_9>.
    Found 8-bit register for signal <contents_ram<1>>.
    Found 8-bit register for signal <contents_ram<2>>.
    Found 8-bit register for signal <contents_ram<3>>.
    Found 8-bit register for signal <contents_ram<4>>.
    Found 8-bit register for signal <contents_ram<5>>.
    Found 8-bit register for signal <contents_ram<6>>.
    Found 8-bit register for signal <contents_ram<7>>.
    Found 8-bit register for signal <contents_ram<8>>.
    Found 8-bit register for signal <contents_ram<9>>.
    Found 8-bit register for signal <contents_ram<10>>.
    Found 8-bit register for signal <contents_ram<11>>.
    Found 8-bit register for signal <contents_ram<12>>.
    Found 8-bit register for signal <contents_ram<13>>.
    Found 8-bit register for signal <contents_ram<14>>.
    Found 8-bit register for signal <contents_ram<15>>.
    Found 8-bit register for signal <contents_ram<16>>.
    Found 8-bit register for signal <contents_ram<17>>.
    Found 8-bit register for signal <contents_ram<18>>.
    Found 8-bit register for signal <contents_ram<19>>.
    Found 8-bit register for signal <contents_ram<20>>.
    Found 8-bit register for signal <contents_ram<21>>.
    Found 8-bit register for signal <contents_ram<22>>.
    Found 8-bit register for signal <contents_ram<23>>.
    Found 8-bit register for signal <contents_ram<24>>.
    Found 8-bit register for signal <contents_ram<25>>.
    Found 8-bit register for signal <contents_ram<26>>.
    Found 8-bit register for signal <contents_ram<27>>.
    Found 8-bit register for signal <contents_ram<28>>.
    Found 8-bit register for signal <contents_ram<29>>.
    Found 8-bit register for signal <contents_ram<30>>.
    Found 8-bit register for signal <contents_ram<31>>.
    Found 8-bit register for signal <contents_ram<32>>.
    Found 8-bit register for signal <contents_ram<33>>.
    Found 8-bit register for signal <contents_ram<34>>.
    Found 8-bit register for signal <contents_ram<35>>.
    Found 8-bit register for signal <contents_ram<36>>.
    Found 8-bit register for signal <contents_ram<37>>.
    Found 8-bit register for signal <contents_ram<38>>.
    Found 8-bit register for signal <contents_ram<39>>.
    Found 8-bit register for signal <contents_ram<40>>.
    Found 8-bit register for signal <contents_ram<41>>.
    Found 8-bit register for signal <contents_ram<42>>.
    Found 8-bit register for signal <contents_ram<43>>.
    Found 8-bit register for signal <contents_ram<44>>.
    Found 8-bit register for signal <contents_ram<45>>.
    Found 8-bit register for signal <contents_ram<46>>.
    Found 8-bit register for signal <contents_ram<47>>.
    Found 8-bit register for signal <contents_ram<48>>.
    Found 8-bit register for signal <contents_ram<49>>.
    Found 8-bit register for signal <contents_ram<50>>.
    Found 8-bit register for signal <contents_ram<51>>.
    Found 8-bit register for signal <contents_ram<52>>.
    Found 8-bit register for signal <contents_ram<53>>.
    Found 8-bit register for signal <contents_ram<54>>.
    Found 8-bit register for signal <contents_ram<55>>.
    Found 8-bit register for signal <contents_ram<56>>.
    Found 8-bit register for signal <contents_ram<57>>.
    Found 8-bit register for signal <contents_ram<58>>.
    Found 8-bit register for signal <contents_ram<59>>.
    Found 8-bit register for signal <contents_ram<60>>.
    Found 8-bit register for signal <contents_ram<61>>.
    Found 8-bit register for signal <contents_ram<62>>.
    Found 8-bit register for signal <contents_ram<63>>.
    Found 8-bit register for signal <contents_ram<0>>.
    Found 8-bit register for signal <switches>.
    Found 8-bit register for signal <Z_5_o_dff_196_OUT>.
INFO:Xst:3019 - HDL ADVISOR - 512 flip-flops were inferred for signal <contents_ram>. You may be trying to describe a RAM in a way that is incompatible with block and distributed RAM resources available on Xilinx devices, or with a specific template that is not supported. Please review the Xilinx resources documentation and the XST user manual for coding guidelines. Taking advantage of RAM resources will lead to improved device usage and reduced synthesis time.
    Found 8-bit 64-to-1 multiplexer for signal <address[5]_contents_ram[63][7]_wide_mux_65_OUT> created at line 63.
    Found 1-bit tristate buffer for signal <databus<7>> created at line 48
    Found 1-bit tristate buffer for signal <databus<6>> created at line 48
    Found 1-bit tristate buffer for signal <databus<5>> created at line 48
    Found 1-bit tristate buffer for signal <databus<4>> created at line 48
    Found 1-bit tristate buffer for signal <databus<3>> created at line 48
    Found 1-bit tristate buffer for signal <databus<2>> created at line 48
    Found 1-bit tristate buffer for signal <databus<1>> created at line 48
    Found 1-bit tristate buffer for signal <databus<0>> created at line 48
    Summary:
	inferred 529 D-type flip-flop(s).
	inferred   1 Multiplexer(s).
	inferred   8 Tristate(s).
Unit <ram_peripheals> synthesized.

=========================================================================
HDL Synthesis Report

Macro Statistics
# Registers                                            : 67
 1-bit register                                        : 1
 8-bit register                                        : 66
# Multiplexers                                         : 1
 8-bit 64-to-1 multiplexer                             : 1
# Tristates                                            : 8
 1-bit tristate buffer                                 : 8

=========================================================================

=========================================================================
*                       Advanced HDL Synthesis                          *
=========================================================================


=========================================================================
Advanced HDL Synthesis Report

Macro Statistics
# Registers                                            : 529
 Flip-Flops                                            : 529
# Multiplexers                                         : 8
 1-bit 64-to-1 multiplexer                             : 8

=========================================================================

=========================================================================
*                         Low Level Synthesis                           *
=========================================================================

Optimizing unit <ram_peripheals> ...

Mapping all equations...
Building and optimizing final netlist ...
Found area constraint ratio of 100 (+ 5) on block ram_peripheals, actual ratio is 9.

Final Macro Processing ...

=========================================================================
Final Register Report

Macro Statistics
# Registers                                            : 529
 Flip-Flops                                            : 529

=========================================================================

=========================================================================
*                           Partition Report                            *
=========================================================================

Partition Implementation Status
-------------------------------

  No Partitions were found in this design.

-------------------------------

=========================================================================
*                            Design Summary                             *
=========================================================================

Top Level Output File Name         : ram_peripheals.ngc

Primitive and Black Box Usage:
------------------------------
# BELS                             : 239
#      INV                         : 2
#      LUT2                        : 1
#      LUT3                        : 4
#      LUT5                        : 64
#      LUT6                        : 168
# FlipFlops/Latches                : 529
#      FD                          : 8
#      FDC                         : 1
#      FDCE                        : 512
#      FDE                         : 8
# Clock Buffers                    : 1
#      BUFGP                       : 1
# IO Buffers                       : 25
#      IBUF                        : 9
#      IOBUF                       : 8
#      OBUF                        : 8

Device utilization summary:
---------------------------

Selected Device : 6slx16csg324-3 


Slice Logic Utilization: 
 Number of Slice Registers:             529  out of  18224     2%  
 Number of Slice LUTs:                  239  out of   9112     2%  
    Number used as Logic:               239  out of   9112     2%  

Slice Logic Distribution: 
 Number of LUT Flip Flop pairs used:    724
   Number with an unused Flip Flop:     195  out of    724    26%  
   Number with an unused LUT:           485  out of    724    66%  
   Number of fully used LUT-FF pairs:    44  out of    724     6%  
   Number of unique control sets:        67

IO Utilization: 
 Number of IOs:                          34
 Number of bonded IOBs:                  26  out of    232    11%  

Specific Feature Utilization:
 Number of BUFG/BUFGCTRLs:                1  out of     16     6%  

---------------------------
Partition Resource Summary:
---------------------------

  No Partitions were found in this design.

---------------------------


=========================================================================
Timing Report

NOTE: THESE TIMING NUMBERS ARE ONLY A SYNTHESIS ESTIMATE.
      FOR ACCURATE TIMING INFORMATION PLEASE REFER TO THE TRACE REPORT
      GENERATED AFTER PLACE-and-ROUTE.

Clock Information:
------------------
-----------------------------------+------------------------+-------+
Clock Signal                       | Clock buffer(FF name)  | Load  |
-----------------------------------+------------------------+-------+
Clk                                | BUFGP                  | 529   |
-----------------------------------+------------------------+-------+

Asynchronous Control Signals Information:
----------------------------------------
No asynchronous control signals found in this design

Timing Summary:
---------------
Speed Grade: -3

   Minimum period: 3.639ns (Maximum Frequency: 274.835MHz)
   Minimum input arrival time before clock: 6.292ns
   Maximum output required time after clock: 4.604ns
   Maximum combinational path delay: No path found

Timing Details:
---------------
All values displayed in nanoseconds (ns)

=========================================================================
Timing constraint: Default period analysis for Clock 'Clk'
  Clock period: 3.639ns (frequency: 274.835MHz)
  Total number of paths / destination ports: 520 / 16
-------------------------------------------------------------------------
Delay:               3.639ns (Levels of Logic = 3)
  Source:            contents_ram_26_0 (FF)
  Destination:       databus_0 (FF)
  Source Clock:      Clk rising
  Destination Clock: Clk rising

  Data Path: contents_ram_26_0 to databus_0
                                Gate     Net
    Cell:in->out      fanout   Delay   Delay  Logical Name (Net Name)
    ----------------------------------------  ------------
     FDCE:C->Q             1   0.447   0.827  contents_ram_26_0 (contents_ram_26_0)
     LUT6:I2->O            1   0.203   0.827  mux_122 (mux_122)
     LUT6:I2->O            1   0.203   0.827  mux_7 (mux_7)
     LUT6:I2->O            1   0.203   0.000  address<5>8 (address[5]_contents_ram[63][7]_wide_mux_65_OUT<0>)
     FD:D                      0.102          databus_0
    ----------------------------------------
    Total                      3.639ns (1.158ns logic, 2.481ns route)
                                       (31.8% logic, 68.2% route)

=========================================================================
Timing constraint: Default OFFSET IN BEFORE for Clock 'Clk'
  Total number of paths / destination ports: 4955 / 1554
-------------------------------------------------------------------------
Offset:              6.292ns (Levels of Logic = 3)
  Source:            address<0> (PAD)
  Destination:       contents_ram_1_0 (FF)
  Destination Clock: Clk rising

  Data Path: address<0> to contents_ram_1_0
                                Gate     Net
    Cell:in->out      fanout   Delay   Delay  Logical Name (Net Name)
    ----------------------------------------  ------------
     IBUF:I->O           132   1.222   2.190  address_0_IBUF (address_0_IBUF)
     LUT3:I0->O           16   0.205   1.349  _n0539_inv11 (_n0539_inv1)
     LUT5:I0->O            8   0.203   0.802  _n0539_inv1 (_n0539_inv)
     FDCE:CE                   0.322          contents_ram_1_0
    ----------------------------------------
    Total                      6.292ns (1.952ns logic, 4.340ns route)
                                       (31.0% logic, 69.0% route)

=========================================================================
Timing constraint: Default OFFSET OUT AFTER for Clock 'Clk'
  Total number of paths / destination ports: 24 / 16
-------------------------------------------------------------------------
Offset:              4.604ns (Levels of Logic = 2)
  Source:            write_en_Clk_DFF_9 (FF)
  Destination:       databus<7> (PAD)
  Source Clock:      Clk rising

  Data Path: write_en_Clk_DFF_9 to databus<7>
                                Gate     Net
    Cell:in->out      fanout   Delay   Delay  Logical Name (Net Name)
    ----------------------------------------  ------------
     FDC:C->Q              1   0.447   0.579  write_en_Clk_DFF_9 (write_en_Clk_DFF_9)
     INV:I->O              8   0.206   0.802  write_en_Clk_DFF_9_inv1_INV_0 (write_en_Clk_DFF_9_inv)
     IOBUF:T->IO               2.571          databus_7_IOBUF (databus<7>)
    ----------------------------------------
    Total                      4.604ns (3.224ns logic, 1.380ns route)
                                       (70.0% logic, 30.0% route)

=========================================================================

Cross Clock Domains Report:
--------------------------

Clock to Setup on destination clock Clk
---------------+---------+---------+---------+---------+
               | Src:Rise| Src:Fall| Src:Rise| Src:Fall|
Source Clock   |Dest:Rise|Dest:Rise|Dest:Fall|Dest:Fall|
---------------+---------+---------+---------+---------+
Clk            |    3.639|         |         |         |
---------------+---------+---------+---------+---------+

=========================================================================


Total REAL time to Xst completion: 6.00 secs
Total CPU time to Xst completion: 6.01 secs
 
--> 

Total memory usage is 292940 kilobytes

Number of errors   :    0 (   0 filtered)
Number of warnings :    0 (   0 filtered)
Number of infos    :    1 (   0 filtered)

