Release 14.7 - xst P.20131013 (nt64)
Copyright (c) 1995-2013 Xilinx, Inc.  All rights reserved.
--> Parameter TMPDIR set to xst/projnav.tmp


Total REAL time to Xst completion: 0.00 secs
Total CPU time to Xst completion: 0.16 secs
 
--> Parameter xsthdpdir set to xst


Total REAL time to Xst completion: 0.00 secs
Total CPU time to Xst completion: 0.16 secs
 
--> Reading design: rs232_tx.prj

TABLE OF CONTENTS
  1) Synthesis Options Summary
  2) HDL Parsing
  3) HDL Elaboration
  4) HDL Synthesis
       4.1) HDL Synthesis Report
  5) Advanced HDL Synthesis
       5.1) Advanced HDL Synthesis Report
  6) Low Level Synthesis
  7) Partition Report
  8) Design Summary
       8.1) Primitive and Black Box Usage
       8.2) Device utilization summary
       8.3) Partition Resource Summary
       8.4) Timing Report
            8.4.1) Clock Information
            8.4.2) Asynchronous Control Signals Information
            8.4.3) Timing Summary
            8.4.4) Timing Details
            8.4.5) Cross Clock Domains Report


=========================================================================
*                      Synthesis Options Summary                        *
=========================================================================
---- Source Parameters
Input File Name                    : "rs232_tx.prj"
Ignore Synthesis Constraint File   : NO

---- Target Parameters
Output File Name                   : "rs232_tx"
Output Format                      : NGC
Target Device                      : xc6slx16-3-csg324

---- Source Options
Top Module Name                    : rs232_tx
Automatic FSM Extraction           : YES
FSM Encoding Algorithm             : Auto
Safe Implementation                : No
FSM Style                          : LUT
RAM Extraction                     : Yes
RAM Style                          : Auto
ROM Extraction                     : Yes
Shift Register Extraction          : YES
ROM Style                          : Auto
Resource Sharing                   : YES
Asynchronous To Synchronous        : NO
Shift Register Minimum Size        : 2
Use DSP Block                      : Auto
Automatic Register Balancing       : No

---- Target Options
LUT Combining                      : Auto
Reduce Control Sets                : Auto
Add IO Buffers                     : YES
Global Maximum Fanout              : 100000
Add Generic Clock Buffer(BUFG)     : 16
Register Duplication               : YES
Optimize Instantiated Primitives   : NO
Use Clock Enable                   : Auto
Use Synchronous Set                : Auto
Use Synchronous Reset              : Auto
Pack IO Registers into IOBs        : Auto
Equivalent register Removal        : YES

---- General Options
Optimization Goal                  : Speed
Optimization Effort                : 1
Power Reduction                    : NO
Keep Hierarchy                     : No
Netlist Hierarchy                  : As_Optimized
RTL Output                         : Yes
Global Optimization                : AllClockNets
Read Cores                         : YES
Write Timing Constraints           : NO
Cross Clock Analysis               : NO
Hierarchy Separator                : /
Bus Delimiter                      : <>
Case Specifier                     : Maintain
Slice Utilization Ratio            : 100
BRAM Utilization Ratio             : 100
DSP48 Utilization Ratio            : 100
Auto BRAM Packing                  : NO
Slice Utilization Ratio Delta      : 5

=========================================================================


=========================================================================
*                          HDL Parsing                                  *
=========================================================================
Parsing VHDL file "C:\Users\rboq\Documents\LCSE\PRACTICAIII\LCSE-PIII\rs232_tx.vhd" into library work
Parsing entity <rs232_tx>.
Parsing architecture <Behavioral> of entity <rs232_tx>.

=========================================================================
*                            HDL Elaboration                            *
=========================================================================

Elaborating entity <rs232_tx> (architecture <Behavioral>) from library <work>.

=========================================================================
*                           HDL Synthesis                               *
=========================================================================

Synthesizing Unit <rs232_tx>.
    Related source file is "C:\Users\rboq\Documents\LCSE\PRACTICAIII\LCSE-PIII\rs232_tx.vhd".
    Found 8-bit register for signal <width_count>.
    Found 3-bit register for signal <data_count>.
    Found 2-bit register for signal <CurrentState>.
    Found finite state machine <FSM_0> for signal <CurrentState>.
    -----------------------------------------------------------------------
    | States             | 4                                              |
    | Transitions        | 9                                              |
    | Inputs             | 3                                              |
    | Outputs            | 5                                              |
    | Clock              | Clk (rising_edge)                              |
    | Reset              | Reset (negative)                               |
    | Reset type         | asynchronous                                   |
    | Reset State        | idle                                           |
    | Power Up State     | idle                                           |
    | Encoding           | auto                                           |
    | Implementation     | LUT                                            |
    -----------------------------------------------------------------------
    Found 8-bit adder for signal <width_count[7]_GND_4_o_add_16_OUT> created at line 1241.
    Found 3-bit adder for signal <data_count[2]_GND_4_o_add_22_OUT> created at line 1241.
    Found 1-bit 8-to-1 multiplexer for signal <data_count[2]_Data[7]_Mux_6_o> created at line 87.
    Summary:
	inferred   2 Adder/Subtractor(s).
	inferred  11 D-type flip-flop(s).
	inferred   3 Multiplexer(s).
	inferred   1 Finite State Machine(s).
Unit <rs232_tx> synthesized.

=========================================================================
HDL Synthesis Report

Macro Statistics
# Adders/Subtractors                                   : 2
 3-bit adder                                           : 1
 8-bit adder                                           : 1
# Registers                                            : 2
 3-bit register                                        : 1
 8-bit register                                        : 1
# Multiplexers                                         : 3
 1-bit 8-to-1 multiplexer                              : 1
 3-bit 2-to-1 multiplexer                              : 1
 8-bit 2-to-1 multiplexer                              : 1
# FSMs                                                 : 1

=========================================================================

=========================================================================
*                       Advanced HDL Synthesis                          *
=========================================================================


Synthesizing (advanced) Unit <rs232_tx>.
The following registers are absorbed into counter <width_count>: 1 register on signal <width_count>.
The following registers are absorbed into counter <data_count>: 1 register on signal <data_count>.
Unit <rs232_tx> synthesized (advanced).

=========================================================================
Advanced HDL Synthesis Report

Macro Statistics
# Counters                                             : 2
 3-bit up counter                                      : 1
 8-bit up counter                                      : 1
# Multiplexers                                         : 1
 1-bit 8-to-1 multiplexer                              : 1
# FSMs                                                 : 1

=========================================================================

=========================================================================
*                         Low Level Synthesis                           *
=========================================================================
Analyzing FSM <MFsm> for best encoding.
Optimizing FSM <FSM_0> on signal <CurrentState[1:2]> with gray encoding.
----------------------
 State    | Encoding
----------------------
 idle     | 00
 startbit | 01
 senddata | 11
 stopbit  | 10
----------------------

Optimizing unit <rs232_tx> ...

Mapping all equations...
Building and optimizing final netlist ...
Found area constraint ratio of 100 (+ 5) on block rs232_tx, actual ratio is 0.

Final Macro Processing ...

=========================================================================
Final Register Report

Macro Statistics
# Registers                                            : 13
 Flip-Flops                                            : 13

=========================================================================

=========================================================================
*                           Partition Report                            *
=========================================================================

Partition Implementation Status
-------------------------------

  No Partitions were found in this design.

-------------------------------

=========================================================================
*                            Design Summary                             *
=========================================================================

Top Level Output File Name         : rs232_tx.ngc

Primitive and Black Box Usage:
------------------------------
# BELS                             : 44
#      GND                         : 1
#      INV                         : 1
#      LUT1                        : 3
#      LUT2                        : 3
#      LUT3                        : 2
#      LUT4                        : 2
#      LUT5                        : 1
#      LUT6                        : 15
#      MUXCY                       : 7
#      MUXF7                       : 1
#      XORCY                       : 8
# FlipFlops/Latches                : 13
#      FDC                         : 5
#      FDCE                        : 8
# Clock Buffers                    : 1
#      BUFGP                       : 1
# IO Buffers                       : 12
#      IBUF                        : 10
#      OBUF                        : 2

Device utilization summary:
---------------------------

Selected Device : 6slx16csg324-3 


Slice Logic Utilization: 
 Number of Slice Registers:              13  out of  18224     0%  
 Number of Slice LUTs:                   27  out of   9112     0%  
    Number used as Logic:                27  out of   9112     0%  

Slice Logic Distribution: 
 Number of LUT Flip Flop pairs used:     27
   Number with an unused Flip Flop:      14  out of     27    51%  
   Number with an unused LUT:             0  out of     27     0%  
   Number of fully used LUT-FF pairs:    13  out of     27    48%  
   Number of unique control sets:         2

IO Utilization: 
 Number of IOs:                          13
 Number of bonded IOBs:                  13  out of    232     5%  

Specific Feature Utilization:
 Number of BUFG/BUFGCTRLs:                1  out of     16     6%  

---------------------------
Partition Resource Summary:
---------------------------

  No Partitions were found in this design.

---------------------------


=========================================================================
Timing Report

NOTE: THESE TIMING NUMBERS ARE ONLY A SYNTHESIS ESTIMATE.
      FOR ACCURATE TIMING INFORMATION PLEASE REFER TO THE TRACE REPORT
      GENERATED AFTER PLACE-and-ROUTE.

Clock Information:
------------------
-----------------------------------+------------------------+-------+
Clock Signal                       | Clock buffer(FF name)  | Load  |
-----------------------------------+------------------------+-------+
Clk                                | BUFGP                  | 13    |
-----------------------------------+------------------------+-------+

Asynchronous Control Signals Information:
----------------------------------------
No asynchronous control signals found in this design

Timing Summary:
---------------
Speed Grade: -3

   Minimum period: 3.579ns (Maximum Frequency: 279.376MHz)
   Minimum input arrival time before clock: 3.369ns
   Maximum output required time after clock: 5.915ns
   Maximum combinational path delay: 6.429ns

Timing Details:
---------------
All values displayed in nanoseconds (ns)

=========================================================================
Timing constraint: Default period analysis for Clock 'Clk'
  Clock period: 3.579ns (frequency: 279.376MHz)
  Total number of paths / destination ports: 330 / 21
-------------------------------------------------------------------------
Delay:               3.579ns (Levels of Logic = 10)
  Source:            width_count_6 (FF)
  Destination:       width_count_7 (FF)
  Source Clock:      Clk rising
  Destination Clock: Clk rising

  Data Path: width_count_6 to width_count_7
                                Gate     Net
    Cell:in->out      fanout   Delay   Delay  Logical Name (Net Name)
    ----------------------------------------  ------------
     FDCE:C->Q             2   0.447   0.845  width_count_6 (width_count_6)
     LUT3:I0->O           11   0.205   0.883  width_count[7]_PWR_4_o_equal_16_o<7>_SW0 (N01)
     LUT6:I5->O            1   0.205   0.579  width_count[7]_PWR_4_o_equal_16_o_inv1 (width_count[7]_PWR_4_o_equal_16_o_inv)
     MUXCY:CI->O           1   0.019   0.000  Mcount_width_count_cy<0> (Mcount_width_count_cy<0>)
     MUXCY:CI->O           1   0.019   0.000  Mcount_width_count_cy<1> (Mcount_width_count_cy<1>)
     MUXCY:CI->O           1   0.019   0.000  Mcount_width_count_cy<2> (Mcount_width_count_cy<2>)
     MUXCY:CI->O           1   0.019   0.000  Mcount_width_count_cy<3> (Mcount_width_count_cy<3>)
     MUXCY:CI->O           1   0.019   0.000  Mcount_width_count_cy<4> (Mcount_width_count_cy<4>)
     MUXCY:CI->O           1   0.019   0.000  Mcount_width_count_cy<5> (Mcount_width_count_cy<5>)
     MUXCY:CI->O           0   0.019   0.000  Mcount_width_count_cy<6> (Mcount_width_count_cy<6>)
     XORCY:CI->O           1   0.180   0.000  Mcount_width_count_xor<7> (Mcount_width_count7)
     FDCE:D                    0.102          width_count_7
    ----------------------------------------
    Total                      3.579ns (1.272ns logic, 2.307ns route)
                                       (35.5% logic, 64.5% route)

=========================================================================
Timing constraint: Default OFFSET IN BEFORE for Clock 'Clk'
  Total number of paths / destination ports: 14 / 14
-------------------------------------------------------------------------
Offset:              3.369ns (Levels of Logic = 2)
  Source:            Reset (PAD)
  Destination:       CurrentState_FSM_FFd1 (FF)
  Destination Clock: Clk rising

  Data Path: Reset to CurrentState_FSM_FFd1
                                Gate     Net
    Cell:in->out      fanout   Delay   Delay  Logical Name (Net Name)
    ----------------------------------------  ------------
     IBUF:I->O             1   1.222   0.579  Reset_IBUF (Reset_IBUF)
     INV:I->O             13   0.206   0.932  Reset_inv1_INV_0 (Reset_inv)
     FDC:CLR                   0.430          CurrentState_FSM_FFd2
    ----------------------------------------
    Total                      3.369ns (1.858ns logic, 1.511ns route)
                                       (55.1% logic, 44.9% route)

=========================================================================
Timing constraint: Default OFFSET OUT AFTER for Clock 'Clk'
  Total number of paths / destination ports: 9 / 2
-------------------------------------------------------------------------
Offset:              5.915ns (Levels of Logic = 4)
  Source:            data_count_0 (FF)
  Destination:       TX (PAD)
  Source Clock:      Clk rising

  Data Path: data_count_0 to TX
                                Gate     Net
    Cell:in->out      fanout   Delay   Delay  Logical Name (Net Name)
    ----------------------------------------  ------------
     FDC:C->Q              6   0.447   1.089  data_count_0 (data_count_0)
     LUT6:I1->O            1   0.203   0.000  Mmux_data_count[2]_Data[7]_Mux_6_o_3 (Mmux_data_count[2]_Data[7]_Mux_6_o_3)
     MUXF7:I1->O           1   0.140   0.684  Mmux_data_count[2]_Data[7]_Mux_6_o_2_f7 (data_count[2]_Data[7]_Mux_6_o)
     LUT3:I1->O            1   0.203   0.579  TX1 (TX_OBUF)
     OBUF:I->O                 2.571          TX_OBUF (TX)
    ----------------------------------------
    Total                      5.915ns (3.564ns logic, 2.351ns route)
                                       (60.2% logic, 39.8% route)

=========================================================================
Timing constraint: Default path analysis
  Total number of paths / destination ports: 8 / 1
-------------------------------------------------------------------------
Delay:               6.429ns (Levels of Logic = 5)
  Source:            Data<6> (PAD)
  Destination:       TX (PAD)

  Data Path: Data<6> to TX
                                Gate     Net
    Cell:in->out      fanout   Delay   Delay  Logical Name (Net Name)
    ----------------------------------------  ------------
     IBUF:I->O             1   1.222   0.827  Data_6_IBUF (Data_6_IBUF)
     LUT6:I2->O            1   0.203   0.000  Mmux_data_count[2]_Data[7]_Mux_6_o_3 (Mmux_data_count[2]_Data[7]_Mux_6_o_3)
     MUXF7:I1->O           1   0.140   0.684  Mmux_data_count[2]_Data[7]_Mux_6_o_2_f7 (data_count[2]_Data[7]_Mux_6_o)
     LUT3:I1->O            1   0.203   0.579  TX1 (TX_OBUF)
     OBUF:I->O                 2.571          TX_OBUF (TX)
    ----------------------------------------
    Total                      6.429ns (4.339ns logic, 2.090ns route)
                                       (67.5% logic, 32.5% route)

=========================================================================

Cross Clock Domains Report:
--------------------------

Clock to Setup on destination clock Clk
---------------+---------+---------+---------+---------+
               | Src:Rise| Src:Fall| Src:Rise| Src:Fall|
Source Clock   |Dest:Rise|Dest:Rise|Dest:Fall|Dest:Fall|
---------------+---------+---------+---------+---------+
Clk            |    3.579|         |         |         |
---------------+---------+---------+---------+---------+

=========================================================================


Total REAL time to Xst completion: 5.00 secs
Total CPU time to Xst completion: 4.99 secs
 
--> 

Total memory usage is 289228 kilobytes

Number of errors   :    0 (   0 filtered)
Number of warnings :    0 (   0 filtered)
Number of infos    :    0 (   0 filtered)

