Command line:
   RS232top_TB_isim_map.exe
     -simmode  gui
     -sdfmax  /UUT/=netgen/map/NEXYS_TOP_map.sdf
     -sdfroot  /UUT
     -simrunnum  0
     -socket  61089

Mon Jan 18 23:49:02 2016


 Elaboration Time: 0.296875 sec

 Current Memory Usage: 867.189 Meg

 Total Signals          : 4918
 Total Nets             : 3512
 Total Signal Drivers   : 2905
 Total Blocks           : 746
 Total Primitive Blocks : 453
 Total Processes        : 2889
 Total Traceable Variables  : 6249
 Total Scalar Nets and Variables : 36396
Total Line Count : 7012
Total Line Count : 7012

 Total Simulation Time: 15.625 sec

 Current Memory Usage: 1181.78 Meg

Mon Jan 18 23:49:49 2016

