Command line:
   RS232top_TB_isim_par.exe
     -simmode  gui
     -sdfmax  /UUT/=netgen/par/NEXYS_TOP_timesim.sdf
     -sdfroot  /UUT
     -simrunnum  0
     -socket  62700

Tue Jan 19 01:44:27 2016


 Elaboration Time: 0.578125 sec

 Current Memory Usage: 887.874 Meg

 Total Signals          : 10655
 Total Nets             : 9830
 Total Signal Drivers   : 6249
 Total Blocks           : 2514
 Total Primitive Blocks : 1428
 Total Processes        : 6223
 Total Traceable Variables  : 14871
 Total Scalar Nets and Variables : 78076
Total Line Count : 20221
Total Line Count : 20221

 Total Simulation Time: 40.0469 sec

 Current Memory Usage: 730.579 Meg

Tue Jan 19 01:46:45 2016

