Command line:
   PICtop_tb_isim_beh.exe
     -simmode  gui
     -simrunnum  0
     -socket  63351

Mon Feb 01 01:41:45 2016


 Elaboration Time: 0.09375 sec

 Current Memory Usage: 841.49 Meg

 Total Signals          : 655
 Total Nets             : 3705
 Total Signal Drivers   : 244
 Total Blocks           : 42
 Total Primitive Blocks : 26
 Total Processes        : 73
 Total Traceable Variables  : 586
 Total Scalar Nets and Variables : 7481
Total Line Count : 805
Total Line Count : 805

 Total Simulation Time: 3.9375 sec

 Current Memory Usage: 841.49 Meg

Mon Feb 01 01:42:11 2016

